<?xml version="1.0" encoding="UTF-8"?>
<robot generator="Robot 3.0.2 (Python 3.6.4 on win32)" generated="20180424 20:08:37.653">
<suite id="s1" name="Api &amp; Consulta">
<suite id="s1-s1" name="Api" source="C:\WorkspacePython\demo-automacao\robot\features\api.robot">
<test id="s1-s1-t1" name="Consulta Api">
<kw name="When Acesso a API do Cartola" library="BDD">
<kw name="Run Keyword" library="BuiltIn">
<doc>Executes the given keyword with the given arguments.</doc>
<arguments>
<arg>${keyword}</arg>
</arguments>
<kw name="Acesso a API do Cartola">
<kw name="Chamar a API usando GET" library="api_detalhe">
<kw name="Get" library="requests">
<doc>Sends a GET request.</doc>
<arguments>
<arg>${URL_CARTOLA}</arg>
</arguments>
<assign>
<var>${result}</var>
</assign>
<msg timestamp="20180424 20:08:39.218" level="INFO">${result} = &lt;Response [200]&gt;</msg>
<status status="PASS" starttime="20180424 20:08:37.877" endtime="20180424 20:08:39.218"></status>
</kw>
<kw name="Should Be Equal" library="BuiltIn">
<doc>Fails if the given objects are unequal.</doc>
<arguments>
<arg>${result.status_code}</arg>
<arg>${200}</arg>
</arguments>
<status status="PASS" starttime="20180424 20:08:39.218" endtime="20180424 20:08:39.219"></status>
</kw>
<kw name="Set Test Variable" library="BuiltIn">
<doc>Makes a variable available everywhere within the scope of the current test.</doc>
<arguments>
<arg>${result}</arg>
</arguments>
<msg timestamp="20180424 20:08:39.220" level="INFO">${result} = &lt;Response [200]&gt;</msg>
<status status="PASS" starttime="20180424 20:08:39.220" endtime="20180424 20:08:39.220"></status>
</kw>
<status status="PASS" starttime="20180424 20:08:37.877" endtime="20180424 20:08:39.220"></status>
</kw>
<status status="PASS" starttime="20180424 20:08:37.876" endtime="20180424 20:08:39.221"></status>
</kw>
<status status="PASS" starttime="20180424 20:08:37.876" endtime="20180424 20:08:39.221"></status>
</kw>
<status status="PASS" starttime="20180424 20:08:37.876" endtime="20180424 20:08:39.221"></status>
</kw>
<kw name="Then Valido o retorno" library="BDD">
<kw name="Run Keyword" library="BuiltIn">
<doc>Executes the given keyword with the given arguments.</doc>
<arguments>
<arg>${keyword}</arg>
</arguments>
<kw name="Valido o retorno">
<kw name="Exibir no Log o apelido" library="api_detalhe">
<kw name="Set Variable" library="BuiltIn">
<doc>Returns the given values which can then be assigned to a variables.</doc>
<arguments>
<arg>${result.json()}</arg>
</arguments>
<assign>
<var>${json}</var>
</assign>
<msg timestamp="20180424 20:08:39.224" level="INFO">${json} = [{'Atleta': {'atleta_id': 86485, 'nome': 'Marcos da Silva França', 'apelido': 'Keno', 'foto': 'https://s.glbimg.com/es/sde/f/2017/04/18/ab0e22f1ff91a12ce2e88a367450bf03_FORMATO.png', 'preco_editorial'...</msg>
<status status="PASS" starttime="20180424 20:08:39.223" endtime="20180424 20:08:39.224"></status>
</kw>
<kw name="${element} IN [ @{json} ]" type="for">
<kw name="${element} = {'Atleta': {'atleta_id': 86485, 'nome': 'Marcos da Silva França', 'apelido': 'Keno', 'foto': 'https://s.glbimg.com/es/sde/f/2017/04/18/ab0e22f1ff91a12ce2e88a367450bf03_FORMATO.png', 'preco_editorial':..." type="foritem">
<kw name="Get From Dictionary" library="Collections">
<doc>Returns a value from the given ``dictionary`` based on the given ``key``.</doc>
<arguments>
<arg>${element}</arg>
<arg>Atleta</arg>
</arguments>
<assign>
<var>${atleta}</var>
</assign>
<msg timestamp="20180424 20:08:39.226" level="INFO">${atleta} = {'atleta_id': 86485, 'nome': 'Marcos da Silva França', 'apelido': 'Keno', 'foto': 'https://s.glbimg.com/es/sde/f/2017/04/18/ab0e22f1ff91a12ce2e88a367450bf03_FORMATO.png', 'preco_editorial': 10}</msg>
<status status="PASS" starttime="20180424 20:08:39.225" endtime="20180424 20:08:39.226"></status>
</kw>
<kw name="Get From Dictionary" library="Collections">
<doc>Returns a value from the given ``dictionary`` based on the given ``key``.</doc>
<arguments>
<arg>${atleta}</arg>
<arg>apelido</arg>
</arguments>
<assign>
<var>${atleta_detalhe}</var>
</assign>
<msg timestamp="20180424 20:08:39.226" level="INFO">${atleta_detalhe} = Keno</msg>
<status status="PASS" starttime="20180424 20:08:39.226" endtime="20180424 20:08:39.226"></status>
</kw>
<kw name="Log" library="BuiltIn">
<doc>Logs the given message with the given level.</doc>
<arguments>
<arg>${atleta_detalhe}</arg>
</arguments>
<msg timestamp="20180424 20:08:39.227" level="INFO">Keno</msg>
<status status="PASS" starttime="20180424 20:08:39.227" endtime="20180424 20:08:39.227"></status>
</kw>
<status status="PASS" starttime="20180424 20:08:39.225" endtime="20180424 20:08:39.227"></status>
</kw>
<kw name="${element} = {'Atleta': {'atleta_id': 37657, 'nome': 'Eduardo Luís Abonizio de Souza', 'apelido': 'Edu Dracena', 'foto': 'https://s.glbimg.com/es/sde/f/2017/04/18/68cf33625460a96d2a432f93ecc21db5_FORMATO.png', 'pr..." type="foritem">
<kw name="Get From Dictionary" library="Collections">
<doc>Returns a value from the given ``dictionary`` based on the given ``key``.</doc>
<arguments>
<arg>${element}</arg>
<arg>Atleta</arg>
</arguments>
<assign>
<var>${atleta}</var>
</assign>
<msg timestamp="20180424 20:08:39.229" level="INFO">${atleta} = {'atleta_id': 37657, 'nome': 'Eduardo Luís Abonizio de Souza', 'apelido': 'Edu Dracena', 'foto': 'https://s.glbimg.com/es/sde/f/2017/04/18/68cf33625460a96d2a432f93ecc21db5_FORMATO.png', 'preco_editori...</msg>
<status status="PASS" starttime="20180424 20:08:39.228" endtime="20180424 20:08:39.229"></status>
</kw>
<kw name="Get From Dictionary" library="Collections">
<doc>Returns a value from the given ``dictionary`` based on the given ``key``.</doc>
<arguments>
<arg>${atleta}</arg>
<arg>apelido</arg>
</arguments>
<assign>
<var>${atleta_detalhe}</var>
</assign>
<msg timestamp="20180424 20:08:39.229" level="INFO">${atleta_detalhe} = Edu Dracena</msg>
<status status="PASS" starttime="20180424 20:08:39.229" endtime="20180424 20:08:39.229"></status>
</kw>
<kw name="Log" library="BuiltIn">
<doc>Logs the given message with the given level.</doc>
<arguments>
<arg>${atleta_detalhe}</arg>
</arguments>
<msg timestamp="20180424 20:08:39.230" level="INFO">Edu Dracena</msg>
<status status="PASS" starttime="20180424 20:08:39.230" endtime="20180424 20:08:39.230"></status>
</kw>
<status status="PASS" starttime="20180424 20:08:39.228" endtime="20180424 20:08:39.230"></status>
</kw>
<kw name="${element} = {'Atleta': {'atleta_id': 63013, 'nome': 'Marcos Luis Rocha Aquino', 'apelido': 'Marcos Rocha', 'foto': 'https://s.glbimg.com/es/sde/f/2018/01/30/edb0d67e60d39d102b52517058ff4227_FORMATO.jpeg', 'preco_..." type="foritem">
<kw name="Get From Dictionary" library="Collections">
<doc>Returns a value from the given ``dictionary`` based on the given ``key``.</doc>
<arguments>
<arg>${element}</arg>
<arg>Atleta</arg>
</arguments>
<assign>
<var>${atleta}</var>
</assign>
<msg timestamp="20180424 20:08:39.231" level="INFO">${atleta} = {'atleta_id': 63013, 'nome': 'Marcos Luis Rocha Aquino', 'apelido': 'Marcos Rocha', 'foto': 'https://s.glbimg.com/es/sde/f/2018/01/30/edb0d67e60d39d102b52517058ff4227_FORMATO.jpeg', 'preco_editorial':...</msg>
<status status="PASS" starttime="20180424 20:08:39.231" endtime="20180424 20:08:39.232"></status>
</kw>
<kw name="Get From Dictionary" library="Collections">
<doc>Returns a value from the given ``dictionary`` based on the given ``key``.</doc>
<arguments>
<arg>${atleta}</arg>
<arg>apelido</arg>
</arguments>
<assign>
<var>${atleta_detalhe}</var>
</assign>
<msg timestamp="20180424 20:08:39.233" level="INFO">${atleta_detalhe} = Marcos Rocha</msg>
<status status="PASS" starttime="20180424 20:08:39.232" endtime="20180424 20:08:39.233"></status>
</kw>
<kw name="Log" library="BuiltIn">
<doc>Logs the given message with the given level.</doc>
<arguments>
<arg>${atleta_detalhe}</arg>
</arguments>
<msg timestamp="20180424 20:08:39.233" level="INFO">Marcos Rocha</msg>
<status status="PASS" starttime="20180424 20:08:39.233" endtime="20180424 20:08:39.233"></status>
</kw>
<status status="PASS" starttime="20180424 20:08:39.231" endtime="20180424 20:08:39.247"></status>
</kw>
<kw name="${element} = {'Atleta': {'atleta_id': 80583, 'nome': 'Lucas Rafael Araujo Lima', 'apelido': 'Lucas Lima', 'foto': 'https://s.glbimg.com/es/sde/f/2018/03/01/8596087ee3b876941e59b282b29cfcb2_FORMATO.png', 'preco_edi..." type="foritem">
<kw name="Get From Dictionary" library="Collections">
<doc>Returns a value from the given ``dictionary`` based on the given ``key``.</doc>
<arguments>
<arg>${element}</arg>
<arg>Atleta</arg>
</arguments>
<assign>
<var>${atleta}</var>
</assign>
<msg timestamp="20180424 20:08:39.248" level="INFO">${atleta} = {'atleta_id': 80583, 'nome': 'Lucas Rafael Araujo Lima', 'apelido': 'Lucas Lima', 'foto': 'https://s.glbimg.com/es/sde/f/2018/03/01/8596087ee3b876941e59b282b29cfcb2_FORMATO.png', 'preco_editorial': 13...</msg>
<status status="PASS" starttime="20180424 20:08:39.247" endtime="20180424 20:08:39.248"></status>
</kw>
<kw name="Get From Dictionary" library="Collections">
<doc>Returns a value from the given ``dictionary`` based on the given ``key``.</doc>
<arguments>
<arg>${atleta}</arg>
<arg>apelido</arg>
</arguments>
<assign>
<var>${atleta_detalhe}</var>
</assign>
<msg timestamp="20180424 20:08:39.248" level="INFO">${atleta_detalhe} = Lucas Lima</msg>
<status status="PASS" starttime="20180424 20:08:39.248" endtime="20180424 20:08:39.248"></status>
</kw>
<kw name="Log" library="BuiltIn">
<doc>Logs the given message with the given level.</doc>
<arguments>
<arg>${atleta_detalhe}</arg>
</arguments>
<msg timestamp="20180424 20:08:39.249" level="INFO">Lucas Lima</msg>
<status status="PASS" starttime="20180424 20:08:39.249" endtime="20180424 20:08:39.249"></status>
</kw>
<status status="PASS" starttime="20180424 20:08:39.247" endtime="20180424 20:08:39.249"></status>
</kw>
<kw name="${element} = {'Atleta': {'atleta_id': 86120, 'nome': 'Miguel Angel Borja Hernandez', 'apelido': 'Borja', 'foto': 'https://s.glbimg.com/es/sde/f/2017/04/23/4b0f5cd460ee874344bfbfd4e3eef9a6_FORMATO.png', 'preco_edit..." type="foritem">
<kw name="Get From Dictionary" library="Collections">
<doc>Returns a value from the given ``dictionary`` based on the given ``key``.</doc>
<arguments>
<arg>${element}</arg>
<arg>Atleta</arg>
</arguments>
<assign>
<var>${atleta}</var>
</assign>
<msg timestamp="20180424 20:08:39.250" level="INFO">${atleta} = {'atleta_id': 86120, 'nome': 'Miguel Angel Borja Hernandez', 'apelido': 'Borja', 'foto': 'https://s.glbimg.com/es/sde/f/2017/04/23/4b0f5cd460ee874344bfbfd4e3eef9a6_FORMATO.png', 'preco_editorial': 15}</msg>
<status status="PASS" starttime="20180424 20:08:39.249" endtime="20180424 20:08:39.250"></status>
</kw>
<kw name="Get From Dictionary" library="Collections">
<doc>Returns a value from the given ``dictionary`` based on the given ``key``.</doc>
<arguments>
<arg>${atleta}</arg>
<arg>apelido</arg>
</arguments>
<assign>
<var>${atleta_detalhe}</var>
</assign>
<msg timestamp="20180424 20:08:39.250" level="INFO">${atleta_detalhe} = Borja</msg>
<status status="PASS" starttime="20180424 20:08:39.250" endtime="20180424 20:08:39.250"></status>
</kw>
<kw name="Log" library="BuiltIn">
<doc>Logs the given message with the given level.</doc>
<arguments>
<arg>${atleta_detalhe}</arg>
</arguments>
<msg timestamp="20180424 20:08:39.251" level="INFO">Borja</msg>
<status status="PASS" starttime="20180424 20:08:39.250" endtime="20180424 20:08:39.251"></status>
</kw>
<status status="PASS" starttime="20180424 20:08:39.249" endtime="20180424 20:08:39.251"></status>
</kw>
<kw name="${element} = {'Atleta': {'atleta_id': 83004, 'nome': 'Rómulo Otero Vásquez', 'apelido': 'Otero', 'foto': 'https://s.glbimg.com/es/sde/f/2017/04/03/9fe40eece7847c6e2d8feca1248f43a9_FORMATO.png', 'preco_editorial': ..." type="foritem">
<kw name="Get From Dictionary" library="Collections">
<doc>Returns a value from the given ``dictionary`` based on the given ``key``.</doc>
<arguments>
<arg>${element}</arg>
<arg>Atleta</arg>
</arguments>
<assign>
<var>${atleta}</var>
</assign>
<msg timestamp="20180424 20:08:39.251" level="INFO">${atleta} = {'atleta_id': 83004, 'nome': 'Rómulo Otero Vásquez', 'apelido': 'Otero', 'foto': 'https://s.glbimg.com/es/sde/f/2017/04/03/9fe40eece7847c6e2d8feca1248f43a9_FORMATO.png', 'preco_editorial': 5}</msg>
<status status="PASS" starttime="20180424 20:08:39.251" endtime="20180424 20:08:39.251"></status>
</kw>
<kw name="Get From Dictionary" library="Collections">
<doc>Returns a value from the given ``dictionary`` based on the given ``key``.</doc>
<arguments>
<arg>${atleta}</arg>
<arg>apelido</arg>
</arguments>
<assign>
<var>${atleta_detalhe}</var>
</assign>
<msg timestamp="20180424 20:08:39.252" level="INFO">${atleta_detalhe} = Otero</msg>
<status status="PASS" starttime="20180424 20:08:39.252" endtime="20180424 20:08:39.252"></status>
</kw>
<kw name="Log" library="BuiltIn">
<doc>Logs the given message with the given level.</doc>
<arguments>
<arg>${atleta_detalhe}</arg>
</arguments>
<msg timestamp="20180424 20:08:39.252" level="INFO">Otero</msg>
<status status="PASS" starttime="20180424 20:08:39.252" endtime="20180424 20:08:39.253"></status>
</kw>
<status status="PASS" starttime="20180424 20:08:39.251" endtime="20180424 20:08:39.253"></status>
</kw>
<kw name="${element} = {'Atleta': {'atleta_id': 38910, 'nome': 'Ricardo de Oliveira', 'apelido': 'Ricardo Oliveira', 'foto': 'https://s.glbimg.com/es/sde/f/2018/03/20/08e587e5b70fbd4605dddaf9aaae5281_FORMATO.png', 'preco_ed..." type="foritem">
<kw name="Get From Dictionary" library="Collections">
<doc>Returns a value from the given ``dictionary`` based on the given ``key``.</doc>
<arguments>
<arg>${element}</arg>
<arg>Atleta</arg>
</arguments>
<assign>
<var>${atleta}</var>
</assign>
<msg timestamp="20180424 20:08:39.253" level="INFO">${atleta} = {'atleta_id': 38910, 'nome': 'Ricardo de Oliveira', 'apelido': 'Ricardo Oliveira', 'foto': 'https://s.glbimg.com/es/sde/f/2018/03/20/08e587e5b70fbd4605dddaf9aaae5281_FORMATO.png', 'preco_editorial': 5...</msg>
<status status="PASS" starttime="20180424 20:08:39.253" endtime="20180424 20:08:39.253"></status>
</kw>
<kw name="Get From Dictionary" library="Collections">
<doc>Returns a value from the given ``dictionary`` based on the given ``key``.</doc>
<arguments>
<arg>${atleta}</arg>
<arg>apelido</arg>
</arguments>
<assign>
<var>${atleta_detalhe}</var>
</assign>
<msg timestamp="20180424 20:08:39.254" level="INFO">${atleta_detalhe} = Ricardo Oliveira</msg>
<status status="PASS" starttime="20180424 20:08:39.253" endtime="20180424 20:08:39.254"></status>
</kw>
<kw name="Log" library="BuiltIn">
<doc>Logs the given message with the given level.</doc>
<arguments>
<arg>${atleta_detalhe}</arg>
</arguments>
<msg timestamp="20180424 20:08:39.255" level="INFO">Ricardo Oliveira</msg>
<status status="PASS" starttime="20180424 20:08:39.254" endtime="20180424 20:08:39.255"></status>
</kw>
<status status="PASS" starttime="20180424 20:08:39.253" endtime="20180424 20:08:39.255"></status>
</kw>
<kw name="${element} = {'Atleta': {'atleta_id': 79437, 'nome': 'Roger Machado Marques', 'apelido': 'Roger Machado ', 'foto': 'https://s.glbimg.com/es/sde/f/2018/03/01/212d053449b688cbf5c418199f7d8e8d_FORMATO.png', 'preco_ed..." type="foritem">
<kw name="Get From Dictionary" library="Collections">
<doc>Returns a value from the given ``dictionary`` based on the given ``key``.</doc>
<arguments>
<arg>${element}</arg>
<arg>Atleta</arg>
</arguments>
<assign>
<var>${atleta}</var>
</assign>
<msg timestamp="20180424 20:08:39.256" level="INFO">${atleta} = {'atleta_id': 79437, 'nome': 'Roger Machado Marques', 'apelido': 'Roger Machado ', 'foto': 'https://s.glbimg.com/es/sde/f/2018/03/01/212d053449b688cbf5c418199f7d8e8d_FORMATO.png', 'preco_editorial': 1...</msg>
<status status="PASS" starttime="20180424 20:08:39.256" endtime="20180424 20:08:39.256"></status>
</kw>
<kw name="Get From Dictionary" library="Collections">
<doc>Returns a value from the given ``dictionary`` based on the given ``key``.</doc>
<arguments>
<arg>${atleta}</arg>
<arg>apelido</arg>
</arguments>
<assign>
<var>${atleta_detalhe}</var>
</assign>
<msg timestamp="20180424 20:08:39.257" level="INFO">${atleta_detalhe} = Roger Machado </msg>
<status status="PASS" starttime="20180424 20:08:39.257" endtime="20180424 20:08:39.257"></status>
</kw>
<kw name="Log" library="BuiltIn">
<doc>Logs the given message with the given level.</doc>
<arguments>
<arg>${atleta_detalhe}</arg>
</arguments>
<msg timestamp="20180424 20:08:39.258" level="INFO">Roger Machado </msg>
<status status="PASS" starttime="20180424 20:08:39.258" endtime="20180424 20:08:39.258"></status>
</kw>
<status status="PASS" starttime="20180424 20:08:39.255" endtime="20180424 20:08:39.258"></status>
</kw>
<kw name="${element} = {'Atleta': {'atleta_id': 94930, 'nome': 'Lucas Tolentino Coelho de Lima', 'apelido': 'Lucas Paquetá', 'foto': 'https://s.glbimg.com/es/sde/f/2017/08/22/b377d3036c1d03d40bafc65a9773ddc4_FORMATO.jpeg', ..." type="foritem">
<kw name="Get From Dictionary" library="Collections">
<doc>Returns a value from the given ``dictionary`` based on the given ``key``.</doc>
<arguments>
<arg>${element}</arg>
<arg>Atleta</arg>
</arguments>
<assign>
<var>${atleta}</var>
</assign>
<msg timestamp="20180424 20:08:39.259" level="INFO">${atleta} = {'atleta_id': 94930, 'nome': 'Lucas Tolentino Coelho de Lima', 'apelido': 'Lucas Paquetá', 'foto': 'https://s.glbimg.com/es/sde/f/2017/08/22/b377d3036c1d03d40bafc65a9773ddc4_FORMATO.jpeg', 'preco_edit...</msg>
<status status="PASS" starttime="20180424 20:08:39.258" endtime="20180424 20:08:39.259"></status>
</kw>
<kw name="Get From Dictionary" library="Collections">
<doc>Returns a value from the given ``dictionary`` based on the given ``key``.</doc>
<arguments>
<arg>${atleta}</arg>
<arg>apelido</arg>
</arguments>
<assign>
<var>${atleta_detalhe}</var>
</assign>
<msg timestamp="20180424 20:08:39.259" level="INFO">${atleta_detalhe} = Lucas Paquetá</msg>
<status status="PASS" starttime="20180424 20:08:39.259" endtime="20180424 20:08:39.259"></status>
</kw>
<kw name="Log" library="BuiltIn">
<doc>Logs the given message with the given level.</doc>
<arguments>
<arg>${atleta_detalhe}</arg>
</arguments>
<msg timestamp="20180424 20:08:39.260" level="INFO">Lucas Paquetá</msg>
<status status="PASS" starttime="20180424 20:08:39.259" endtime="20180424 20:08:39.260"></status>
</kw>
<status status="PASS" starttime="20180424 20:08:39.258" endtime="20180424 20:08:39.260"></status>
</kw>
<kw name="${element} = {'Atleta': {'atleta_id': 99535, 'nome': 'Vinicius José Paixão de Oliveira Junior', 'apelido': 'Vinicius Junior', 'foto': 'https://s.glbimg.com/es/sde/f/2017/08/22/0d561ddc8dda735fc3ab96a8866e90d0_FORM..." type="foritem">
<kw name="Get From Dictionary" library="Collections">
<doc>Returns a value from the given ``dictionary`` based on the given ``key``.</doc>
<arguments>
<arg>${element}</arg>
<arg>Atleta</arg>
</arguments>
<assign>
<var>${atleta}</var>
</assign>
<msg timestamp="20180424 20:08:39.260" level="INFO">${atleta} = {'atleta_id': 99535, 'nome': 'Vinicius José Paixão de Oliveira Junior', 'apelido': 'Vinicius Junior', 'foto': 'https://s.glbimg.com/es/sde/f/2017/08/22/0d561ddc8dda735fc3ab96a8866e90d0_FORMATO.jpeg', ...</msg>
<status status="PASS" starttime="20180424 20:08:39.260" endtime="20180424 20:08:39.260"></status>
</kw>
<kw name="Get From Dictionary" library="Collections">
<doc>Returns a value from the given ``dictionary`` based on the given ``key``.</doc>
<arguments>
<arg>${atleta}</arg>
<arg>apelido</arg>
</arguments>
<assign>
<var>${atleta_detalhe}</var>
</assign>
<msg timestamp="20180424 20:08:39.261" level="INFO">${atleta_detalhe} = Vinicius Junior</msg>
<status status="PASS" starttime="20180424 20:08:39.261" endtime="20180424 20:08:39.261"></status>
</kw>
<kw name="Log" library="BuiltIn">
<doc>Logs the given message with the given level.</doc>
<arguments>
<arg>${atleta_detalhe}</arg>
</arguments>
<msg timestamp="20180424 20:08:39.261" level="INFO">Vinicius Junior</msg>
<status status="PASS" starttime="20180424 20:08:39.261" endtime="20180424 20:08:39.261"></status>
</kw>
<status status="PASS" starttime="20180424 20:08:39.260" endtime="20180424 20:08:39.261"></status>
</kw>
<kw name="${element} = {'Atleta': {'atleta_id': 81905, 'nome': 'José Henrique da Silva Dourado', 'apelido': 'Henrique Dourado', 'foto': 'https://s.glbimg.com/es/sde/f/2018/03/08/5d6a3a7c40bbf9f4d07b75169fc9be0f_FORMATO.png'..." type="foritem">
<kw name="Get From Dictionary" library="Collections">
<doc>Returns a value from the given ``dictionary`` based on the given ``key``.</doc>
<arguments>
<arg>${element}</arg>
<arg>Atleta</arg>
</arguments>
<assign>
<var>${atleta}</var>
</assign>
<msg timestamp="20180424 20:08:39.262" level="INFO">${atleta} = {'atleta_id': 81905, 'nome': 'José Henrique da Silva Dourado', 'apelido': 'Henrique Dourado', 'foto': 'https://s.glbimg.com/es/sde/f/2018/03/08/5d6a3a7c40bbf9f4d07b75169fc9be0f_FORMATO.png', 'preco_ed...</msg>
<status status="PASS" starttime="20180424 20:08:39.262" endtime="20180424 20:08:39.262"></status>
</kw>
<kw name="Get From Dictionary" library="Collections">
<doc>Returns a value from the given ``dictionary`` based on the given ``key``.</doc>
<arguments>
<arg>${atleta}</arg>
<arg>apelido</arg>
</arguments>
<assign>
<var>${atleta_detalhe}</var>
</assign>
<msg timestamp="20180424 20:08:39.263" level="INFO">${atleta_detalhe} = Henrique Dourado</msg>
<status status="PASS" starttime="20180424 20:08:39.262" endtime="20180424 20:08:39.263"></status>
</kw>
<kw name="Log" library="BuiltIn">
<doc>Logs the given message with the given level.</doc>
<arguments>
<arg>${atleta_detalhe}</arg>
</arguments>
<msg timestamp="20180424 20:08:39.263" level="INFO">Henrique Dourado</msg>
<status status="PASS" starttime="20180424 20:08:39.263" endtime="20180424 20:08:39.263"></status>
</kw>
<status status="PASS" starttime="20180424 20:08:39.262" endtime="20180424 20:08:39.263"></status>
</kw>
<kw name="${element} = {'Atleta': {'atleta_id': 70916, 'nome': 'Diogo Barbosa Mendanha', 'apelido': 'Diogo Barbosa', 'foto': 'https://s.glbimg.com/es/sde/f/2018/03/01/0548d1925fd96270e520ea3b69e42e7b_FORMATO.png', 'preco_ed..." type="foritem">
<kw name="Get From Dictionary" library="Collections">
<doc>Returns a value from the given ``dictionary`` based on the given ``key``.</doc>
<arguments>
<arg>${element}</arg>
<arg>Atleta</arg>
</arguments>
<assign>
<var>${atleta}</var>
</assign>
<msg timestamp="20180424 20:08:39.264" level="INFO">${atleta} = {'atleta_id': 70916, 'nome': 'Diogo Barbosa Mendanha', 'apelido': 'Diogo Barbosa', 'foto': 'https://s.glbimg.com/es/sde/f/2018/03/01/0548d1925fd96270e520ea3b69e42e7b_FORMATO.png', 'preco_editorial': 1...</msg>
<status status="PASS" starttime="20180424 20:08:39.263" endtime="20180424 20:08:39.264"></status>
</kw>
<kw name="Get From Dictionary" library="Collections">
<doc>Returns a value from the given ``dictionary`` based on the given ``key``.</doc>
<arguments>
<arg>${atleta}</arg>
<arg>apelido</arg>
</arguments>
<assign>
<var>${atleta_detalhe}</var>
</assign>
<msg timestamp="20180424 20:08:39.264" level="INFO">${atleta_detalhe} = Diogo Barbosa</msg>
<status status="PASS" starttime="20180424 20:08:39.264" endtime="20180424 20:08:39.264"></status>
</kw>
<kw name="Log" library="BuiltIn">
<doc>Logs the given message with the given level.</doc>
<arguments>
<arg>${atleta_detalhe}</arg>
</arguments>
<msg timestamp="20180424 20:08:39.265" level="INFO">Diogo Barbosa</msg>
<status status="PASS" starttime="20180424 20:08:39.264" endtime="20180424 20:08:39.265"></status>
</kw>
<status status="PASS" starttime="20180424 20:08:39.263" endtime="20180424 20:08:39.265"></status>
</kw>
<kw name="${element} = {'Atleta': {'atleta_id': 79702, 'nome': 'Antônio Carlos Cunha Capocasali Júnior', 'apelido': 'Antônio Carlos ', 'foto': 'https://s.glbimg.com/es/sde/f/2017/04/18/5b3fcb4c6c1625d8e38d933619f9e42a_FORMA..." type="foritem">
<kw name="Get From Dictionary" library="Collections">
<doc>Returns a value from the given ``dictionary`` based on the given ``key``.</doc>
<arguments>
<arg>${element}</arg>
<arg>Atleta</arg>
</arguments>
<assign>
<var>${atleta}</var>
</assign>
<msg timestamp="20180424 20:08:39.266" level="INFO">${atleta} = {'atleta_id': 79702, 'nome': 'Antônio Carlos Cunha Capocasali Júnior', 'apelido': 'Antônio Carlos ', 'foto': 'https://s.glbimg.com/es/sde/f/2017/04/18/5b3fcb4c6c1625d8e38d933619f9e42a_FORMATO.png', 'p...</msg>
<status status="PASS" starttime="20180424 20:08:39.265" endtime="20180424 20:08:39.266"></status>
</kw>
<kw name="Get From Dictionary" library="Collections">
<doc>Returns a value from the given ``dictionary`` based on the given ``key``.</doc>
<arguments>
<arg>${atleta}</arg>
<arg>apelido</arg>
</arguments>
<assign>
<var>${atleta_detalhe}</var>
</assign>
<msg timestamp="20180424 20:08:39.266" level="INFO">${atleta_detalhe} = Antônio Carlos </msg>
<status status="PASS" starttime="20180424 20:08:39.266" endtime="20180424 20:08:39.266"></status>
</kw>
<kw name="Log" library="BuiltIn">
<doc>Logs the given message with the given level.</doc>
<arguments>
<arg>${atleta_detalhe}</arg>
</arguments>
<msg timestamp="20180424 20:08:39.267" level="INFO">Antônio Carlos </msg>
<status status="PASS" starttime="20180424 20:08:39.267" endtime="20180424 20:08:39.267"></status>
</kw>
<status status="PASS" starttime="20180424 20:08:39.265" endtime="20180424 20:08:39.267"></status>
</kw>
<kw name="${element} = {'Atleta': {'atleta_id': 51772, 'nome': 'Éverton Augusto de Barros Ribeiro', 'apelido': 'Éverton Ribeiro', 'foto': 'https://s.glbimg.com/es/sde/f/2017/06/24/7deee286983361a4845652b6c39be834_FORMATO.pn..." type="foritem">
<kw name="Get From Dictionary" library="Collections">
<doc>Returns a value from the given ``dictionary`` based on the given ``key``.</doc>
<arguments>
<arg>${element}</arg>
<arg>Atleta</arg>
</arguments>
<assign>
<var>${atleta}</var>
</assign>
<msg timestamp="20180424 20:08:39.268" level="INFO">${atleta} = {'atleta_id': 51772, 'nome': 'Éverton Augusto de Barros Ribeiro', 'apelido': 'Éverton Ribeiro', 'foto': 'https://s.glbimg.com/es/sde/f/2017/06/24/7deee286983361a4845652b6c39be834_FORMATO.png', 'preco_...</msg>
<status status="PASS" starttime="20180424 20:08:39.267" endtime="20180424 20:08:39.268"></status>
</kw>
<kw name="Get From Dictionary" library="Collections">
<doc>Returns a value from the given ``dictionary`` based on the given ``key``.</doc>
<arguments>
<arg>${atleta}</arg>
<arg>apelido</arg>
</arguments>
<assign>
<var>${atleta_detalhe}</var>
</assign>
<msg timestamp="20180424 20:08:39.268" level="INFO">${atleta_detalhe} = Éverton Ribeiro</msg>
<status status="PASS" starttime="20180424 20:08:39.268" endtime="20180424 20:08:39.268"></status>
</kw>
<kw name="Log" library="BuiltIn">
<doc>Logs the given message with the given level.</doc>
<arguments>
<arg>${atleta_detalhe}</arg>
</arguments>
<msg timestamp="20180424 20:08:39.268" level="INFO">Éverton Ribeiro</msg>
<status status="PASS" starttime="20180424 20:08:39.268" endtime="20180424 20:08:39.269"></status>
</kw>
<status status="PASS" starttime="20180424 20:08:39.267" endtime="20180424 20:08:39.269"></status>
</kw>
<kw name="${element} = {'Atleta': {'atleta_id': 68920, 'nome': 'Eduardo Pereira Rodrigues', 'apelido': 'Dudu', 'foto': 'https://s.glbimg.com/es/sde/f/2017/04/18/5268d6ef98c67a25b1dabf90d489a37f_FORMATO.png', 'preco_editoria..." type="foritem">
<kw name="Get From Dictionary" library="Collections">
<doc>Returns a value from the given ``dictionary`` based on the given ``key``.</doc>
<arguments>
<arg>${element}</arg>
<arg>Atleta</arg>
</arguments>
<assign>
<var>${atleta}</var>
</assign>
<msg timestamp="20180424 20:08:39.269" level="INFO">${atleta} = {'atleta_id': 68920, 'nome': 'Eduardo Pereira Rodrigues', 'apelido': 'Dudu', 'foto': 'https://s.glbimg.com/es/sde/f/2017/04/18/5268d6ef98c67a25b1dabf90d489a37f_FORMATO.png', 'preco_editorial': 25}</msg>
<status status="PASS" starttime="20180424 20:08:39.269" endtime="20180424 20:08:39.270"></status>
</kw>
<kw name="Get From Dictionary" library="Collections">
<doc>Returns a value from the given ``dictionary`` based on the given ``key``.</doc>
<arguments>
<arg>${atleta}</arg>
<arg>apelido</arg>
</arguments>
<assign>
<var>${atleta_detalhe}</var>
</assign>
<msg timestamp="20180424 20:08:39.270" level="INFO">${atleta_detalhe} = Dudu</msg>
<status status="PASS" starttime="20180424 20:08:39.270" endtime="20180424 20:08:39.270"></status>
</kw>
<kw name="Log" library="BuiltIn">
<doc>Logs the given message with the given level.</doc>
<arguments>
<arg>${atleta_detalhe}</arg>
</arguments>
<msg timestamp="20180424 20:08:39.271" level="INFO">Dudu</msg>
<status status="PASS" starttime="20180424 20:08:39.271" endtime="20180424 20:08:39.271"></status>
</kw>
<status status="PASS" starttime="20180424 20:08:39.269" endtime="20180424 20:08:39.271"></status>
</kw>
<kw name="${element} = {'Atleta': {'atleta_id': 38509, 'nome': 'Diego Alves Carreira', 'apelido': 'Diego Alves', 'foto': 'https://s.glbimg.com/es/sde/f/2018/04/11/44ce811d7d7d286c27d745dcf7177719_FORMATO.png', 'preco_editor..." type="foritem">
<kw name="Get From Dictionary" library="Collections">
<doc>Returns a value from the given ``dictionary`` based on the given ``key``.</doc>
<arguments>
<arg>${element}</arg>
<arg>Atleta</arg>
</arguments>
<assign>
<var>${atleta}</var>
</assign>
<msg timestamp="20180424 20:08:39.272" level="INFO">${atleta} = {'atleta_id': 38509, 'nome': 'Diego Alves Carreira', 'apelido': 'Diego Alves', 'foto': 'https://s.glbimg.com/es/sde/f/2018/04/11/44ce811d7d7d286c27d745dcf7177719_FORMATO.png', 'preco_editorial': 13}</msg>
<status status="PASS" starttime="20180424 20:08:39.271" endtime="20180424 20:08:39.272"></status>
</kw>
<kw name="Get From Dictionary" library="Collections">
<doc>Returns a value from the given ``dictionary`` based on the given ``key``.</doc>
<arguments>
<arg>${atleta}</arg>
<arg>apelido</arg>
</arguments>
<assign>
<var>${atleta_detalhe}</var>
</assign>
<msg timestamp="20180424 20:08:39.273" level="INFO">${atleta_detalhe} = Diego Alves</msg>
<status status="PASS" starttime="20180424 20:08:39.272" endtime="20180424 20:08:39.273"></status>
</kw>
<kw name="Log" library="BuiltIn">
<doc>Logs the given message with the given level.</doc>
<arguments>
<arg>${atleta_detalhe}</arg>
</arguments>
<msg timestamp="20180424 20:08:39.274" level="INFO">Diego Alves</msg>
<status status="PASS" starttime="20180424 20:08:39.273" endtime="20180424 20:08:39.274"></status>
</kw>
<status status="PASS" starttime="20180424 20:08:39.271" endtime="20180424 20:08:39.274"></status>
</kw>
<kw name="${element} = {'Atleta': {'atleta_id': 70526, 'nome': 'Mário Rogério Reis Micale ', 'apelido': 'Rogério Micale', 'foto': 'https://s.glbimg.com/es/sde/f/2018/03/21/b716462900fb6d306d797525d21c94c2_FORMATO.png', 'pre..." type="foritem">
<kw name="Get From Dictionary" library="Collections">
<doc>Returns a value from the given ``dictionary`` based on the given ``key``.</doc>
<arguments>
<arg>${element}</arg>
<arg>Atleta</arg>
</arguments>
<assign>
<var>${atleta}</var>
</assign>
<msg timestamp="20180424 20:08:39.275" level="INFO">${atleta} = {'atleta_id': 70526, 'nome': 'Mário Rogério Reis Micale ', 'apelido': 'Rogério Micale', 'foto': 'https://s.glbimg.com/es/sde/f/2018/03/21/b716462900fb6d306d797525d21c94c2_FORMATO.png', 'preco_editoria...</msg>
<status status="PASS" starttime="20180424 20:08:39.274" endtime="20180424 20:08:39.275"></status>
</kw>
<kw name="Get From Dictionary" library="Collections">
<doc>Returns a value from the given ``dictionary`` based on the given ``key``.</doc>
<arguments>
<arg>${atleta}</arg>
<arg>apelido</arg>
</arguments>
<assign>
<var>${atleta_detalhe}</var>
</assign>
<msg timestamp="20180424 20:08:39.276" level="INFO">${atleta_detalhe} = Rogério Micale</msg>
<status status="PASS" starttime="20180424 20:08:39.275" endtime="20180424 20:08:39.276"></status>
</kw>
<kw name="Log" library="BuiltIn">
<doc>Logs the given message with the given level.</doc>
<arguments>
<arg>${atleta_detalhe}</arg>
</arguments>
<msg timestamp="20180424 20:08:39.277" level="INFO">Rogério Micale</msg>
<status status="PASS" starttime="20180424 20:08:39.276" endtime="20180424 20:08:39.277"></status>
</kw>
<status status="PASS" starttime="20180424 20:08:39.274" endtime="20180424 20:08:39.277"></status>
</kw>
<kw name="${element} = {'Atleta': {'atleta_id': 68887, 'nome': 'Welington Pereira Rodrigues', 'apelido': 'Gum', 'foto': 'https://s.glbimg.com/es/sde/f/2018/01/21/fad3eca69c2c4704602fb3e8c9aa074f_FORMATO.png', 'preco_editori..." type="foritem">
<kw name="Get From Dictionary" library="Collections">
<doc>Returns a value from the given ``dictionary`` based on the given ``key``.</doc>
<arguments>
<arg>${element}</arg>
<arg>Atleta</arg>
</arguments>
<assign>
<var>${atleta}</var>
</assign>
<msg timestamp="20180424 20:08:39.278" level="INFO">${atleta} = {'atleta_id': 68887, 'nome': 'Welington Pereira Rodrigues', 'apelido': 'Gum', 'foto': 'https://s.glbimg.com/es/sde/f/2018/01/21/fad3eca69c2c4704602fb3e8c9aa074f_FORMATO.png', 'preco_editorial': 5}</msg>
<status status="PASS" starttime="20180424 20:08:39.277" endtime="20180424 20:08:39.278"></status>
</kw>
<kw name="Get From Dictionary" library="Collections">
<doc>Returns a value from the given ``dictionary`` based on the given ``key``.</doc>
<arguments>
<arg>${atleta}</arg>
<arg>apelido</arg>
</arguments>
<assign>
<var>${atleta_detalhe}</var>
</assign>
<msg timestamp="20180424 20:08:39.278" level="INFO">${atleta_detalhe} = Gum</msg>
<status status="PASS" starttime="20180424 20:08:39.278" endtime="20180424 20:08:39.278"></status>
</kw>
<kw name="Log" library="BuiltIn">
<doc>Logs the given message with the given level.</doc>
<arguments>
<arg>${atleta_detalhe}</arg>
</arguments>
<msg timestamp="20180424 20:08:39.279" level="INFO">Gum</msg>
<status status="PASS" starttime="20180424 20:08:39.278" endtime="20180424 20:08:39.279"></status>
</kw>
<status status="PASS" starttime="20180424 20:08:39.277" endtime="20180424 20:08:39.279"></status>
</kw>
<kw name="${element} = {'Atleta': {'atleta_id': 50301, 'nome': 'Everton Cardoso da Silva', 'apelido': 'Everton', 'foto': 'https://s.glbimg.com/es/sde/f/2018/04/18/3aa32aba35593f61c8aaae97221cac73_FORMATO.png', 'preco_editor..." type="foritem">
<kw name="Get From Dictionary" library="Collections">
<doc>Returns a value from the given ``dictionary`` based on the given ``key``.</doc>
<arguments>
<arg>${element}</arg>
<arg>Atleta</arg>
</arguments>
<assign>
<var>${atleta}</var>
</assign>
<msg timestamp="20180424 20:08:39.279" level="INFO">${atleta} = {'atleta_id': 50301, 'nome': 'Everton Cardoso da Silva', 'apelido': 'Everton', 'foto': 'https://s.glbimg.com/es/sde/f/2018/04/18/3aa32aba35593f61c8aaae97221cac73_FORMATO.png', 'preco_editorial': 12}</msg>
<status status="PASS" starttime="20180424 20:08:39.279" endtime="20180424 20:08:39.280"></status>
</kw>
<kw name="Get From Dictionary" library="Collections">
<doc>Returns a value from the given ``dictionary`` based on the given ``key``.</doc>
<arguments>
<arg>${atleta}</arg>
<arg>apelido</arg>
</arguments>
<assign>
<var>${atleta_detalhe}</var>
</assign>
<msg timestamp="20180424 20:08:39.280" level="INFO">${atleta_detalhe} = Everton</msg>
<status status="PASS" starttime="20180424 20:08:39.280" endtime="20180424 20:08:39.280"></status>
</kw>
<kw name="Log" library="BuiltIn">
<doc>Logs the given message with the given level.</doc>
<arguments>
<arg>${atleta_detalhe}</arg>
</arguments>
<msg timestamp="20180424 20:08:39.280" level="INFO">Everton</msg>
<status status="PASS" starttime="20180424 20:08:39.280" endtime="20180424 20:08:39.281"></status>
</kw>
<status status="PASS" starttime="20180424 20:08:39.279" endtime="20180424 20:08:39.281"></status>
</kw>
<kw name="${element} = {'Atleta': {'atleta_id': 36540, 'nome': 'Juan Silveira dos Santos', 'apelido': 'Juan', 'foto': 'https://s.glbimg.com/es/sde/f/2017/08/16/8083bd36b95c924dc4cf0341e39d22e4_FORMATO.jpeg', 'preco_editoria..." type="foritem">
<kw name="Get From Dictionary" library="Collections">
<doc>Returns a value from the given ``dictionary`` based on the given ``key``.</doc>
<arguments>
<arg>${element}</arg>
<arg>Atleta</arg>
</arguments>
<assign>
<var>${atleta}</var>
</assign>
<msg timestamp="20180424 20:08:39.282" level="INFO">${atleta} = {'atleta_id': 36540, 'nome': 'Juan Silveira dos Santos', 'apelido': 'Juan', 'foto': 'https://s.glbimg.com/es/sde/f/2017/08/16/8083bd36b95c924dc4cf0341e39d22e4_FORMATO.jpeg', 'preco_editorial': 12}</msg>
<status status="PASS" starttime="20180424 20:08:39.281" endtime="20180424 20:08:39.282"></status>
</kw>
<kw name="Get From Dictionary" library="Collections">
<doc>Returns a value from the given ``dictionary`` based on the given ``key``.</doc>
<arguments>
<arg>${atleta}</arg>
<arg>apelido</arg>
</arguments>
<assign>
<var>${atleta_detalhe}</var>
</assign>
<msg timestamp="20180424 20:08:39.282" level="INFO">${atleta_detalhe} = Juan</msg>
<status status="PASS" starttime="20180424 20:08:39.282" endtime="20180424 20:08:39.282"></status>
</kw>
<kw name="Log" library="BuiltIn">
<doc>Logs the given message with the given level.</doc>
<arguments>
<arg>${atleta_detalhe}</arg>
</arguments>
<msg timestamp="20180424 20:08:39.283" level="INFO">Juan</msg>
<status status="PASS" starttime="20180424 20:08:39.282" endtime="20180424 20:08:39.283"></status>
</kw>
<status status="PASS" starttime="20180424 20:08:39.281" endtime="20180424 20:08:39.283"></status>
</kw>
<status status="PASS" starttime="20180424 20:08:39.224" endtime="20180424 20:08:39.283"></status>
</kw>
<status status="PASS" starttime="20180424 20:08:39.223" endtime="20180424 20:08:39.283"></status>
</kw>
<status status="PASS" starttime="20180424 20:08:39.222" endtime="20180424 20:08:39.283"></status>
</kw>
<status status="PASS" starttime="20180424 20:08:39.222" endtime="20180424 20:08:39.283"></status>
</kw>
<status status="PASS" starttime="20180424 20:08:39.221" endtime="20180424 20:08:39.284"></status>
</kw>
<status status="PASS" starttime="20180424 20:08:37.875" endtime="20180424 20:08:39.285" critical="yes"></status>
</test>
<doc>Classe principal do Robot para Demo:
Consulta na API do Cartola.com</doc>
<status status="PASS" starttime="20180424 20:08:37.702" endtime="20180424 20:08:39.287"></status>
</suite>
<suite id="s1-s2" name="Consulta" source="C:\WorkspacePython\demo-automacao\robot\features\consulta.robot">
<test id="s1-s2-t1" name="Consulta Google">
<kw name="Given Acesso o google.com" library="BDD">
<kw name="Run Keyword" library="BuiltIn">
<doc>Executes the given keyword with the given arguments.</doc>
<arguments>
<arg>${keyword}</arg>
</arguments>
<kw name="Acesso o google.com">
<kw name="Abrir Browser na homepage do Google" library="consulta_detalhe">
<kw name="Open Browser" library="Selenium2Library">
<doc>Opens a new browser instance to the given ``url``.</doc>
<arguments>
<arg>${HOME URL}</arg>
<arg>${BROWSER}</arg>
</arguments>
<msg timestamp="20180424 20:08:39.522" level="INFO">Opening browser 'Chrome' to base url 'https://www.google.com.br'.</msg>
<status status="PASS" starttime="20180424 20:08:39.520" endtime="20180424 20:08:53.073"></status>
</kw>
<kw name="Maximize Browser Window" library="Selenium2Library">
<doc>Maximizes current browser window.</doc>
<status status="PASS" starttime="20180424 20:08:53.073" endtime="20180424 20:08:54.301"></status>
</kw>
<kw name="Set Selenium Speed" library="Selenium2Library">
<doc>Sets the delay that is waited after each Selenium command.</doc>
<arguments>
<arg>${DELAY}</arg>
</arguments>
<status status="PASS" starttime="20180424 20:08:54.302" endtime="20180424 20:08:54.303"></status>
</kw>
<kw name="Conferir home" library="consulta_detalhe">
<kw name="Title Should Be" library="Selenium2Library">
<doc>Verifies that current page title equals ``title``.</doc>
<arguments>
<arg>${TITULO}</arg>
</arguments>
<msg timestamp="20180424 20:08:55.323" level="INFO">Page title is 'Google'.</msg>
<status status="PASS" starttime="20180424 20:08:54.305" endtime="20180424 20:08:55.323"></status>
</kw>
<status status="PASS" starttime="20180424 20:08:54.303" endtime="20180424 20:08:55.324"></status>
</kw>
<status status="PASS" starttime="20180424 20:08:39.519" endtime="20180424 20:08:55.324"></status>
</kw>
<status status="PASS" starttime="20180424 20:08:39.519" endtime="20180424 20:08:55.325"></status>
</kw>
<status status="PASS" starttime="20180424 20:08:39.518" endtime="20180424 20:08:55.325"></status>
</kw>
<status status="PASS" starttime="20180424 20:08:39.518" endtime="20180424 20:08:55.325"></status>
</kw>
<kw name="When Executo uma consulta" library="BDD">
<kw name="Run Keyword" library="BuiltIn">
<doc>Executes the given keyword with the given arguments.</doc>
<arguments>
<arg>${keyword}</arg>
</arguments>
<kw name="Executo uma consulta">
<kw name="Pesquiso um pais no Google" library="consulta_detalhe">
<kw name="Input Text" library="Selenium2Library">
<doc>Types the given ``text`` into text field identified by ``locator``.</doc>
<arguments>
<arg>${ID_CAMPO_TXT}</arg>
<arg>${VAL_CAMPO_TXT}</arg>
</arguments>
<msg timestamp="20180424 20:08:55.329" level="INFO">Typing text 'Brasil' into text field 'lst-ib'.</msg>
<status status="PASS" starttime="20180424 20:08:55.329" endtime="20180424 20:08:58.750"></status>
</kw>
<kw name="Submit Form" library="Selenium2Library">
<doc>Submits a form identified by ``locator``.</doc>
<msg timestamp="20180424 20:08:58.752" level="INFO">Submitting form 'None'.</msg>
<status status="PASS" starttime="20180424 20:08:58.751" endtime="20180424 20:09:05.545"></status>
</kw>
<kw name="Sleep" library="BuiltIn">
<doc>Pauses the test executed for the given time.</doc>
<arguments>
<arg>${DELAY}</arg>
</arguments>
<msg timestamp="20180424 20:09:06.547" level="INFO">Slept 1 second</msg>
<status status="PASS" starttime="20180424 20:09:05.546" endtime="20180424 20:09:06.548"></status>
</kw>
<status status="PASS" starttime="20180424 20:08:55.328" endtime="20180424 20:09:06.549"></status>
</kw>
<kw name="Abro a wikipedia" library="consulta_detalhe">
<kw name="Click Element" library="Selenium2Library">
<doc>Click element identified by ``locator``.</doc>
<arguments>
<arg>${CSS_WIKIPEDIA}</arg>
</arguments>
<msg timestamp="20180424 20:09:06.552" level="INFO">Clicking element 'css:#rso &gt; div:nth-child(2) &gt; div &gt; div:nth-child(1) &gt; div &gt; div &gt; h3 &gt; a'.</msg>
<status status="PASS" starttime="20180424 20:09:06.551" endtime="20180424 20:10:09.990"></status>
</kw>
<status status="PASS" starttime="20180424 20:09:06.549" endtime="20180424 20:10:09.991"></status>
</kw>
<status status="PASS" starttime="20180424 20:08:55.328" endtime="20180424 20:10:09.992"></status>
</kw>
<status status="PASS" starttime="20180424 20:08:55.327" endtime="20180424 20:10:09.992"></status>
</kw>
<status status="PASS" starttime="20180424 20:08:55.326" endtime="20180424 20:10:09.993"></status>
</kw>
<kw name="Then Valido o retorno" library="BDD">
<kw name="Run Keyword" library="BuiltIn">
<doc>Executes the given keyword with the given arguments.</doc>
<arguments>
<arg>${keyword}</arg>
</arguments>
<kw name="Valido o retorno">
<kw name="Valido que a pesquisa funcionou" library="consulta_detalhe">
<kw name="Get Text" library="Selenium2Library">
<doc>Returns the text value of element identified by ``locator``.</doc>
<arguments>
<arg>${ID_TIT_WIKI}</arg>
</arguments>
<assign>
<var>${VALOR_TITULO}</var>
</assign>
<msg timestamp="20180424 20:10:12.223" level="INFO">${VALOR_TITULO} = Brasil</msg>
<status status="PASS" starttime="20180424 20:10:10.004" endtime="20180424 20:10:12.224"></status>
</kw>
<kw name="Should Be Equal" library="BuiltIn">
<doc>Fails if the given objects are unequal.</doc>
<arguments>
<arg>${VAL_CAMPO_TXT}</arg>
<arg>${VALOR_TITULO}</arg>
</arguments>
<status status="PASS" starttime="20180424 20:10:12.225" endtime="20180424 20:10:12.226"></status>
</kw>
<status status="PASS" starttime="20180424 20:10:10.002" endtime="20180424 20:10:12.227"></status>
</kw>
<kw name="Encerra o teste" library="consulta_detalhe">
<kw name="Close Browser" library="Selenium2Library">
<doc>Closes the current browser.</doc>
<status status="PASS" starttime="20180424 20:10:12.230" endtime="20180424 20:10:16.386"></status>
</kw>
<status status="PASS" starttime="20180424 20:10:12.228" endtime="20180424 20:10:16.386"></status>
</kw>
<status status="PASS" starttime="20180424 20:10:10.000" endtime="20180424 20:10:16.387"></status>
</kw>
<status status="PASS" starttime="20180424 20:10:09.998" endtime="20180424 20:10:16.388"></status>
</kw>
<status status="PASS" starttime="20180424 20:10:09.995" endtime="20180424 20:10:16.388"></status>
</kw>
<status status="PASS" starttime="20180424 20:08:39.516" endtime="20180424 20:10:16.390" critical="yes"></status>
</test>
<doc>Classe principal do Robot para Demo:
Consulta no Google.com</doc>
<status status="PASS" starttime="20180424 20:08:39.289" endtime="20180424 20:10:16.398"></status>
</suite>
<status status="PASS" starttime="20180424 20:08:37.656" endtime="20180424 20:10:16.410"></status>
</suite>
<statistics>
<total>
<stat pass="2" fail="0">Critical Tests</stat>
<stat pass="2" fail="0">All Tests</stat>
</total>
<tag>
</tag>
<suite>
<stat pass="2" fail="0" id="s1" name="Api &amp; Consulta">Api &amp; Consulta</stat>
<stat pass="1" fail="0" id="s1-s1" name="Api">Api &amp; Consulta.Api</stat>
<stat pass="1" fail="0" id="s1-s2" name="Consulta">Api &amp; Consulta.Consulta</stat>
</suite>
</statistics>
<errors>
</errors>
</robot>
